nov. 21, 2023 12:08:55 DA TARDE ds.assign.entropy.Server run
INFO: server: endpoint running at port 40002 ...
nov. 21, 2023 12:12:05 DA TARDE ds.assign.entropy.Server run
INFO: server: endpoint running at port 40002 ...
nov. 21, 2023 12:14:22 DA TARDE ds.assign.entropy.Server run
INFO: server: endpoint running at port 40002 ...
nov. 21, 2023 12:19:00 DA TARDE ds.assign.entropy.Server run
INFO: server: endpoint running at port 40002 ...
nov. 21, 2023 12:22:02 DA TARDE ds.assign.entropy.Server run
INFO: server: endpoint running at port 40002 ...
nov. 21, 2023 12:23:36 DA TARDE ds.assign.entropy.Server run
INFO: server: endpoint running at port 40002 ...
nov. 21, 2023 12:23:58 DA TARDE ds.assign.entropy.Server run
INFO: server: endpoint running at port 40002 ...
nov. 21, 2023 12:27:32 DA TARDE ds.assign.entropy.Server run
INFO: server: endpoint running at port 40002 ...
nov. 21, 2023 12:34:14 DA TARDE ds.assign.entropy.Server run
INFO: server: endpoint running at port 40002 ...
nov. 21, 2023 12:36:01 DA TARDE ds.assign.entropy.Server run
INFO: server: endpoint running at port 40002 ...
nov. 21, 2023 12:36:45 DA TARDE ds.assign.entropy.Server run
INFO: server: endpoint running at port 40002 ...
nov. 21, 2023 12:37:58 DA TARDE ds.assign.entropy.Server run
INFO: server: endpoint running at port 40002 ...
nov. 21, 2023 12:38:25 DA TARDE ds.assign.entropy.Server run
INFO: server: endpoint running at port 40002 ...
nov. 21, 2023 12:40:39 DA TARDE ds.assign.entropy.Server run
INFO: server: endpoint running at port 40002 ...
dez. 05, 2023 5:29:01 DA TARDE ds.assign.chat.Server run
INFO: server: endpoint running at port 40002 ...
dez. 05, 2023 5:32:06 DA TARDE ds.assign.chat.Server run
INFO: server: endpoint running at port 40002 ...
dez. 05, 2023 5:33:12 DA TARDE ds.assign.chat.Server run
INFO: server: endpoint running at port 40002 ...
dez. 05, 2023 5:39:49 DA TARDE ds.assign.chat.Server run
INFO: server: endpoint running at port 40002 ...
dez. 05, 2023 5:44:56 DA TARDE ds.assign.chat.Server run
INFO: server: endpoint running at port 40002 ...
dez. 05, 2023 5:57:03 DA TARDE ds.assign.chat.Server run
INFO: server: endpoint running at port 40002 ...
dez. 05, 2023 6:07:01 DA TARDE ds.assign.chat.Server run
INFO: server: endpoint running at port 40002 ...
dez. 05, 2023 6:09:17 DA TARDE ds.assign.chat.Server run
INFO: server: endpoint running at port 40002 ...
dez. 05, 2023 6:10:19 DA TARDE ds.assign.chat.Server run
INFO: server: endpoint running at port 40002 ...
dez. 05, 2023 6:12:26 DA TARDE ds.assign.chat.Server run
INFO: server: endpoint running at port 40002 ...
dez. 05, 2023 6:12:44 DA TARDE ds.assign.chat.Server run
INFO: server: endpoint running at port 40002 ...
dez. 05, 2023 6:25:16 DA TARDE ds.assign.chat.Server run
INFO: server: endpoint running at port 40002 ...
dez. 05, 2023 6:25:49 DA TARDE ds.assign.chat.Server run
INFO: server: endpoint running at port 40002 ...
dez. 05, 2023 6:31:18 DA TARDE ds.assign.chat.Server run
INFO: server: endpoint running at port 40002 ...
dez. 05, 2023 8:01:11 DA TARDE ds.assign.chat.Server run
INFO: server: endpoint running at port 40002 ...
dez. 05, 2023 8:13:29 DA TARDE ds.assign.chat.Server run
INFO: server: endpoint running at port 40002 ...
dez. 05, 2023 8:14:31 DA TARDE ds.assign.chat.Server run
INFO: server: endpoint running at port 40002 ...
dez. 05, 2023 8:26:05 DA TARDE ds.assign.chat.Server run
INFO: server: endpoint running at port 40002 ...
dez. 05, 2023 8:26:58 DA TARDE ds.assign.chat.Server run
INFO: server: endpoint running at port 40002 ...
dez. 05, 2023 8:39:02 DA TARDE ds.assign.chat.Server run
INFO: server: endpoint running at port 40002 ...
dez. 05, 2023 8:57:10 DA TARDE ds.assign.chat.Server run
INFO: server: endpoint running at port 40002 ...
dez. 05, 2023 8:57:44 DA TARDE ds.assign.chat.Server run
INFO: server: endpoint running at port 40002 ...
dez. 05, 2023 9:01:50 DA TARDE ds.assign.chat.Server run
INFO: server: endpoint running at port 40002 ...
dez. 05, 2023 9:10:09 DA TARDE ds.assign.chat.Server run
INFO: server: endpoint running at port 40002 ...
dez. 05, 2023 9:20:05 DA TARDE ds.assign.chat.Server run
INFO: server: endpoint running at port 40002 ...
dez. 05, 2023 9:28:59 DA TARDE ds.assign.chat.Server run
INFO: server: endpoint running at port 40002 ...
dez. 05, 2023 9:31:07 DA TARDE ds.assign.chat.Server run
INFO: server: endpoint running at port 40002 ...
dez. 05, 2023 9:33:34 DA TARDE ds.assign.chat.Server run
INFO: server: endpoint running at port 40002 ...
dez. 05, 2023 9:35:18 DA TARDE ds.assign.chat.Server run
INFO: server: endpoint running at port 40002 ...
dez. 05, 2023 9:49:37 DA TARDE ds.assign.chat.Server run
INFO: server: endpoint running at port 40002 ...
dez. 05, 2023 9:52:26 DA TARDE ds.assign.chat.Server run
INFO: server: endpoint running at port 40002 ...
dez. 05, 2023 10:03:16 DA TARDE ds.assign.chat.Server run
INFO: server: endpoint running at port 40002 ...
dez. 05, 2023 10:05:17 DA TARDE ds.assign.chat.Server run
INFO: server: endpoint running at port 40002 ...
dez. 05, 2023 10:07:22 DA TARDE ds.assign.chat.Server run
INFO: server: endpoint running at port 40002 ...
dez. 05, 2023 10:07:54 DA TARDE ds.assign.chat.Server run
INFO: server: endpoint running at port 40002 ...
dez. 05, 2023 10:09:43 DA TARDE ds.assign.chat.Server run
INFO: server: endpoint running at port 40002 ...
dez. 05, 2023 10:12:43 DA TARDE ds.assign.chat.Server run
INFO: server: endpoint running at port 40002 ...
dez. 05, 2023 10:20:39 DA TARDE ds.assign.chat.Server run
INFO: server: endpoint running at port 40002 ...
dez. 05, 2023 10:22:33 DA TARDE ds.assign.chat.Server run
INFO: server: endpoint running at port 40002 ...
dez. 05, 2023 10:29:11 DA TARDE ds.assign.chat.Server run
INFO: server: endpoint running at port 40002 ...
dez. 05, 2023 10:38:19 DA TARDE ds.assign.chat.Server run
INFO: server: endpoint running at port 40002 ...
dez. 05, 2023 10:50:14 DA TARDE ds.assign.chat.Server run
INFO: server: endpoint running at port 40002 ...
dez. 05, 2023 10:52:50 DA TARDE ds.assign.chat.Server run
INFO: server: endpoint running at port 40002 ...
dez. 05, 2023 10:54:51 DA TARDE ds.assign.chat.Server run
INFO: server: endpoint running at port 40002 ...
dez. 05, 2023 10:58:02 DA TARDE ds.assign.chat.Server run
INFO: server: endpoint running at port 40002 ...
dez. 05, 2023 10:59:41 DA TARDE ds.assign.chat.Server run
INFO: server: endpoint running at port 40002 ...
dez. 05, 2023 11:01:53 DA TARDE ds.assign.chat.Server run
INFO: server: endpoint running at port 40002 ...
dez. 05, 2023 11:03:59 DA TARDE ds.assign.chat.Server run
INFO: server: endpoint running at port 40002 ...
dez. 05, 2023 11:07:14 DA TARDE ds.assign.chat.Server run
INFO: server: endpoint running at port 40002 ...
dez. 05, 2023 11:08:42 DA TARDE ds.assign.chat.Server run
INFO: server: endpoint running at port 40002 ...
dez. 05, 2023 11:09:13 DA TARDE ds.assign.chat.Server run
INFO: server: endpoint running at port 40002 ...
dez. 05, 2023 11:10:22 DA TARDE ds.assign.chat.Server run
INFO: server: endpoint running at port 40002 ...
dez. 06, 2023 6:32:08 DA TARDE ds.assign.chat.Server run
INFO: server: endpoint running at port 40002 ...
dez. 06, 2023 6:37:07 DA TARDE ds.assign.chat.Server run
INFO: server: endpoint running at port 40002 ...
dez. 06, 2023 6:37:39 DA TARDE ds.assign.chat.Server run
INFO: server: endpoint running at port 40002 ...
dez. 06, 2023 6:39:11 DA TARDE ds.assign.chat.Server run
INFO: server: endpoint running at port 40002 ...
dez. 06, 2023 6:40:53 DA TARDE ds.assign.chat.Server run
INFO: server: endpoint running at port 40002 ...
dez. 06, 2023 6:44:00 DA TARDE ds.assign.chat.Server run
INFO: server: endpoint running at port 40002 ...
dez. 06, 2023 6:46:03 DA TARDE ds.assign.chat.Server run
INFO: server: endpoint running at port 40002 ...
dez. 06, 2023 6:47:40 DA TARDE ds.assign.chat.Server run
INFO: server: endpoint running at port 40002 ...
dez. 06, 2023 6:48:14 DA TARDE ds.assign.chat.Server run
INFO: server: endpoint running at port 40002 ...
dez. 06, 2023 6:50:50 DA TARDE ds.assign.chat.Server run
INFO: server: endpoint running at port 40002 ...
dez. 06, 2023 6:52:01 DA TARDE ds.assign.chat.Server run
INFO: server: endpoint running at port 40002 ...
dez. 06, 2023 6:53:25 DA TARDE ds.assign.chat.Server run
INFO: server: endpoint running at port 40002 ...
dez. 06, 2023 10:44:08 DA TARDE ds.assign.chat.Server run
INFO: server: endpoint running at port 40002 ...
dez. 06, 2023 10:46:29 DA TARDE ds.assign.chat.Server run
INFO: server: endpoint running at port 40002 ...
dez. 06, 2023 10:46:46 DA TARDE ds.assign.chat.Server run
INFO: server: endpoint running at port 40002 ...
dez. 06, 2023 10:48:15 DA TARDE ds.assign.chat.Server run
INFO: server: endpoint running at port 40002 ...
dez. 06, 2023 10:50:44 DA TARDE ds.assign.chat.Server run
INFO: server: endpoint running at port 40002 ...
dez. 06, 2023 10:57:14 DA TARDE ds.assign.chat.Server run
INFO: server: endpoint running at port 40002 ...
dez. 06, 2023 10:57:57 DA TARDE ds.assign.chat.Server run
INFO: server: endpoint running at port 40002 ...
dez. 06, 2023 11:01:48 DA TARDE ds.assign.chat.Server run
INFO: server: endpoint running at port 40002 ...
dez. 06, 2023 11:05:32 DA TARDE ds.assign.chat.Server run
INFO: server: endpoint running at port 40002 ...
dez. 06, 2023 11:05:38 DA TARDE ds.assign.chat.Server run
INFO: server: endpoint running at port 40002 ...
dez. 06, 2023 11:06:39 DA TARDE ds.assign.chat.Server run
INFO: server: endpoint running at port 40002 ...
dez. 06, 2023 11:10:27 DA TARDE ds.assign.chat.Server run
INFO: server: endpoint running at port 40002 ...
dez. 06, 2023 11:10:31 DA TARDE ds.assign.chat.Server run
INFO: server: endpoint running at port 40002 ...
dez. 06, 2023 11:11:53 DA TARDE ds.assign.chat.Server run
INFO: server: endpoint running at port 40002 ...
dez. 06, 2023 11:17:14 DA TARDE ds.assign.chat.Server run
INFO: server: endpoint running at port 40002 ...
dez. 06, 2023 11:20:30 DA TARDE ds.assign.chat.Server run
INFO: server: endpoint running at port 40002 ...
dez. 06, 2023 11:21:05 DA TARDE ds.assign.chat.Server run
INFO: server: endpoint running at port 40002 ...
dez. 06, 2023 11:22:11 DA TARDE ds.assign.chat.Server run
INFO: server: endpoint running at port 40002 ...
dez. 06, 2023 11:25:36 DA TARDE ds.assign.chat.Server run
INFO: server: endpoint running at port 40002 ...
dez. 06, 2023 11:44:37 DA TARDE ds.assign.chat.Server run
INFO: server: endpoint running at port 40002 ...
dez. 06, 2023 11:45:30 DA TARDE ds.assign.chat.Server run
INFO: server: endpoint running at port 40002 ...
dez. 06, 2023 11:49:50 DA TARDE ds.assign.chat.Server run
INFO: server: endpoint running at port 40002 ...
dez. 12, 2023 10:07:42 DA MANHÃ ds.assign.chat.Server run
INFO: server: endpoint running at port 40002 ...
dez. 12, 2023 10:10:51 DA MANHÃ ds.assign.chat.Server run
INFO: server: endpoint running at port 40002 ...
dez. 12, 2023 10:18:28 DA MANHÃ ds.assign.chat.Server run
INFO: server: endpoint running at port 40002 ...
dez. 12, 2023 10:23:00 DA MANHÃ ds.assign.chat.Server run
INFO: server: endpoint running at port 40002 ...
dez. 12, 2023 10:44:52 DA MANHÃ ds.assign.chat.Server run
INFO: server: endpoint running at port 40002 ...
dez. 12, 2023 10:46:58 DA MANHÃ ds.assign.chat.Server run
INFO: server: endpoint running at port 40002 ...
dez. 12, 2023 10:48:10 DA MANHÃ ds.assign.chat.Server run
INFO: server: endpoint running at port 40002 ...
dez. 12, 2023 11:13:38 DA MANHÃ ds.assign.chat.Server run
INFO: server: endpoint running at port 40002 ...
dez. 12, 2023 11:17:26 DA MANHÃ ds.assign.chat.Server run
INFO: server: endpoint running at port 40002 ...
dez. 12, 2023 11:19:28 DA MANHÃ ds.assign.chat.Server run
INFO: server: endpoint running at port 40002 ...
dez. 12, 2023 11:21:11 DA MANHÃ ds.assign.chat.Server run
INFO: server: endpoint running at port 40002 ...
dez. 12, 2023 11:31:34 DA MANHÃ ds.assign.chat.Server run
INFO: server: endpoint running at port 40002 ...
dez. 12, 2023 11:32:57 DA MANHÃ ds.assign.chat.Server run
INFO: server: endpoint running at port 40002 ...
dez. 12, 2023 11:36:42 DA MANHÃ ds.assign.chat.Server run
INFO: server: endpoint running at port 40002 ...
dez. 12, 2023 11:37:22 DA MANHÃ ds.assign.chat.Server run
INFO: server: endpoint running at port 40002 ...
dez. 12, 2023 11:41:42 DA MANHÃ ds.assign.chat.Server run
INFO: server: endpoint running at port 40002 ...
dez. 12, 2023 11:43:49 DA MANHÃ ds.assign.chat.Server run
INFO: server: endpoint running at port 40002 ...
dez. 12, 2023 11:46:27 DA MANHÃ ds.assign.chat.Server run
INFO: server: endpoint running at port 40002 ...
dez. 12, 2023 11:47:34 DA MANHÃ ds.assign.chat.Server run
INFO: server: endpoint running at port 40002 ...
dez. 12, 2023 11:48:37 DA MANHÃ ds.assign.chat.Server run
INFO: server: endpoint running at port 40002 ...
dez. 12, 2023 11:49:26 DA MANHÃ ds.assign.chat.Server run
INFO: server: endpoint running at port 40002 ...
dez. 12, 2023 11:49:28 DA MANHÃ ds.assign.chat.Server run
INFO: server: endpoint running at port 40002 ...
dez. 12, 2023 11:51:49 DA MANHÃ ds.assign.chat.Server run
INFO: server: endpoint running at port 40002 ...
dez. 12, 2023 11:54:51 DA MANHÃ ds.assign.chat.Server run
INFO: server: endpoint running at port 40002 ...
dez. 12, 2023 11:55:49 DA MANHÃ ds.assign.chat.Server run
INFO: server: endpoint running at port 40002 ...
dez. 12, 2023 11:57:41 DA MANHÃ ds.assign.chat.Server run
INFO: server: endpoint running at port 40002 ...
dez. 12, 2023 12:00:14 DA TARDE ds.assign.chat.Server run
INFO: server: endpoint running at port 40002 ...
dez. 12, 2023 12:03:20 DA TARDE ds.assign.chat.Server run
INFO: server: endpoint running at port 40002 ...
dez. 12, 2023 12:06:05 DA TARDE ds.assign.chat.Server run
INFO: server: endpoint running at port 40002 ...
dez. 12, 2023 12:07:05 DA TARDE ds.assign.chat.Server run
INFO: server: endpoint running at port 40002 ...
dez. 12, 2023 12:07:53 DA TARDE ds.assign.chat.Server run
INFO: server: endpoint running at port 40002 ...
dez. 12, 2023 12:08:36 DA TARDE ds.assign.chat.Server run
INFO: server: endpoint running at port 40002 ...
dez. 12, 2023 12:10:17 DA TARDE ds.assign.chat.Server run
INFO: server: endpoint running at port 40002 ...
dez. 12, 2023 12:15:27 DA TARDE ds.assign.chat.Server run
INFO: server: endpoint running at port 40002 ...
dez. 12, 2023 12:18:08 DA TARDE ds.assign.chat.Server run
INFO: server: endpoint running at port 40002 ...
dez. 12, 2023 12:19:23 DA TARDE ds.assign.chat.Server run
INFO: server: endpoint running at port 40002 ...
dez. 12, 2023 12:19:51 DA TARDE ds.assign.chat.Server run
INFO: server: endpoint running at port 40002 ...
dez. 12, 2023 12:20:35 DA TARDE ds.assign.chat.Server run
INFO: server: endpoint running at port 40002 ...
dez. 12, 2023 12:21:23 DA TARDE ds.assign.chat.Server run
INFO: server: endpoint running at port 40002 ...
dez. 12, 2023 12:23:21 DA TARDE ds.assign.chat.Server run
INFO: server: endpoint running at port 40002 ...
dez. 12, 2023 12:24:11 DA TARDE ds.assign.chat.Server run
INFO: server: endpoint running at port 40002 ...
dez. 12, 2023 12:25:31 DA TARDE ds.assign.chat.Server run
INFO: server: endpoint running at port 40002 ...
dez. 12, 2023 12:26:33 DA TARDE ds.assign.chat.Server run
INFO: server: endpoint running at port 40002 ...
dez. 12, 2023 12:28:17 DA TARDE ds.assign.chat.Server run
INFO: server: endpoint running at port 40002 ...
dez. 12, 2023 12:29:26 DA TARDE ds.assign.chat.Server run
INFO: server: endpoint running at port 40002 ...
dez. 12, 2023 12:30:23 DA TARDE ds.assign.chat.Server run
INFO: server: endpoint running at port 40002 ...
dez. 12, 2023 12:30:57 DA TARDE ds.assign.chat.Server run
INFO: server: endpoint running at port 40002 ...
dez. 12, 2023 12:31:52 DA TARDE ds.assign.chat.Server run
INFO: server: endpoint running at port 40002 ...
dez. 12, 2023 12:32:43 DA TARDE ds.assign.chat.Server run
INFO: server: endpoint running at port 40002 ...
dez. 12, 2023 12:34:01 DA TARDE ds.assign.chat.Server run
INFO: server: endpoint running at port 40002 ...
dez. 12, 2023 12:34:54 DA TARDE ds.assign.chat.Server run
INFO: server: endpoint running at port 40002 ...
dez. 12, 2023 12:35:28 DA TARDE ds.assign.chat.Server run
INFO: server: endpoint running at port 40002 ...
dez. 16, 2023 12:17:18 DA TARDE ds.assign.chat.Server run
INFO: server: endpoint running at port 40002 ...
dez. 16, 2023 12:18:44 DA TARDE ds.assign.chat.Server run
INFO: server: endpoint running at port 40002 ...
dez. 16, 2023 12:19:45 DA TARDE ds.assign.chat.Server run
INFO: server: endpoint running at port 40002 ...
dez. 16, 2023 12:20:29 DA TARDE ds.assign.chat.Server run
INFO: server: endpoint running at port 40002 ...
dez. 16, 2023 2:23:02 DA TARDE ds.assign.chat.Server run
INFO: server: endpoint running at port 40002 ...
dez. 16, 2023 2:28:39 DA TARDE ds.assign.chat.Server run
INFO: server: endpoint running at port 40002 ...
dez. 16, 2023 2:30:11 DA TARDE ds.assign.chat.Server run
INFO: server: endpoint running at port 40002 ...
dez. 16, 2023 2:31:07 DA TARDE ds.assign.chat.Server run
INFO: server: endpoint running at port 40002 ...
dez. 16, 2023 2:31:47 DA TARDE ds.assign.chat.Server run
INFO: server: endpoint running at port 40002 ...
dez. 16, 2023 2:36:22 DA TARDE ds.assign.chat.Server run
INFO: server: endpoint running at port 40002 ...
dez. 16, 2023 2:38:35 DA TARDE ds.assign.chat.Server run
INFO: server: endpoint running at port 40002 ...
dez. 16, 2023 2:39:19 DA TARDE ds.assign.chat.Server run
INFO: server: endpoint running at port 40002 ...
dez. 16, 2023 3:11:25 DA TARDE ds.assign.chat.Server run
INFO: server: endpoint running at port 40002 ...
dez. 16, 2023 3:17:19 DA TARDE ds.assign.chat.Server run
INFO: server: endpoint running at port 40002 ...
dez. 16, 2023 3:17:57 DA TARDE ds.assign.chat.Server run
INFO: server: endpoint running at port 40002 ...
dez. 16, 2023 3:18:36 DA TARDE ds.assign.chat.Server run
INFO: server: endpoint running at port 40002 ...
dez. 16, 2023 3:20:41 DA TARDE ds.assign.chat.Server run
INFO: server: endpoint running at port 40002 ...
dez. 16, 2023 3:22:40 DA TARDE ds.assign.chat.Server run
INFO: server: endpoint running at port 40002 ...
dez. 16, 2023 3:28:39 DA TARDE ds.assign.chat.Server run
INFO: server: endpoint running at port 40002 ...
dez. 16, 2023 3:47:01 DA TARDE ds.assign.chat.Server run
INFO: server: endpoint running at port 40002 ...
dez. 16, 2023 4:00:11 DA TARDE ds.assign.chat.Server run
INFO: server: endpoint running at port 40002 ...
dez. 16, 2023 4:00:40 DA TARDE ds.assign.chat.Server run
INFO: server: endpoint running at port 40002 ...
dez. 16, 2023 4:01:10 DA TARDE ds.assign.chat.Server run
INFO: server: endpoint running at port 40002 ...
dez. 16, 2023 4:01:27 DA TARDE ds.assign.chat.Server run
INFO: server: endpoint running at port 40002 ...
dez. 16, 2023 4:01:58 DA TARDE ds.assign.chat.Server run
INFO: server: endpoint running at port 40002 ...
dez. 16, 2023 4:02:43 DA TARDE ds.assign.chat.Server run
INFO: server: endpoint running at port 40002 ...
dez. 16, 2023 4:04:38 DA TARDE ds.assign.chat.Server run
INFO: server: endpoint running at port 40002 ...
dez. 18, 2023 9:56:12 DA MANHÃ ds.assign.entropy.Server run
INFO: server: endpoint running at port 40002 ...
dez. 18, 2023 9:56:30 DA MANHÃ ds.assign.entropy.Server run
INFO: server: endpoint running at port 40002 ...
dez. 18, 2023 9:57:17 DA MANHÃ ds.assign.entropy.Server run
INFO: server: endpoint running at port 40002 ...
dez. 18, 2023 9:59:04 DA MANHÃ ds.assign.entropy.Server run
INFO: server: endpoint running at port 40002 ...
dez. 18, 2023 10:01:40 DA MANHÃ ds.assign.entropy.Server run
INFO: server: endpoint running at port 40002 ...
dez. 18, 2023 10:02:59 DA MANHÃ ds.assign.entropy.Server run
INFO: server: endpoint running at port 40002 ...
dez. 18, 2023 10:08:57 DA MANHÃ ds.assign.entropy.Server run
INFO: server: endpoint running at port 40002 ...
dez. 18, 2023 10:15:27 DA MANHÃ ds.assign.entropy.Server run
INFO: server: endpoint running at port 40002 ...
dez. 24, 2023 4:17:07 DA TARDE ds.assign.ring.Server run
INFO: server: endpoint running at port 40002 ...
dez. 24, 2023 8:07:01 DA TARDE ds.assign.entropy.Server run
INFO: server: endpoint running at port 40002 ...
dez. 24, 2023 8:08:12 DA TARDE ds.assign.entropy.Server run
INFO: server: endpoint running at port 40002 ...
dez. 24, 2023 8:11:59 DA TARDE ds.assign.entropy.Server run
INFO: server: endpoint running at port 40002 ...
dez. 24, 2023 8:12:10 DA TARDE ds.assign.entropy.Server run
INFO: server: endpoint running at port 40002 ...
dez. 24, 2023 8:12:25 DA TARDE ds.assign.entropy.Server run
INFO: server: endpoint running at port 40002 ...
dez. 24, 2023 9:05:44 DA TARDE ds.assign.entropy.Server run
INFO: server: endpoint running at port 40002 ...
dez. 24, 2023 9:39:07 DA TARDE ds.assign.entropy.Server run
INFO: server: endpoint running at port 40002 ...
dez. 24, 2023 9:41:29 DA TARDE ds.assign.entropy.Server run
INFO: server: endpoint running at port 40002 ...
dez. 24, 2023 9:41:40 DA TARDE ds.assign.entropy.Server run
INFO: server: endpoint running at port 40002 ...
dez. 26, 2023 7:39:56 DA TARDE ds.assign.entropy.Server run
INFO: server: endpoint running at port 40002 ...
dez. 26, 2023 7:46:15 DA TARDE ds.assign.entropy.Server run
INFO: server: endpoint running at port 40002 ...
dez. 26, 2023 7:49:20 DA TARDE ds.assign.entropy.Server run
INFO: server: endpoint running at port 40002 ...
dez. 26, 2023 7:52:00 DA TARDE ds.assign.entropy.Server run
INFO: server: endpoint running at port 40002 ...
dez. 26, 2023 7:53:36 DA TARDE ds.assign.entropy.Server run
INFO: server: endpoint running at port 40002 ...
dez. 26, 2023 7:53:44 DA TARDE ds.assign.entropy.Server run
INFO: server: endpoint running at port 40002 ...
dez. 26, 2023 7:53:58 DA TARDE ds.assign.entropy.Server run
INFO: server: endpoint running at port 40002 ...
dez. 26, 2023 7:54:35 DA TARDE ds.assign.entropy.Server run
INFO: server: endpoint running at port 40002 ...
dez. 26, 2023 7:59:44 DA TARDE ds.assign.entropy.Server run
INFO: server: endpoint running at port 40002 ...
dez. 26, 2023 8:16:34 DA TARDE ds.assign.entropy.Server run
INFO: server: endpoint running at port 40002 ...
dez. 26, 2023 8:20:27 DA TARDE ds.assign.entropy.Server run
INFO: server: endpoint running at port 40002 ...
dez. 26, 2023 8:22:29 DA TARDE ds.assign.entropy.Server run
INFO: server: endpoint running at port 40002 ...
dez. 26, 2023 8:25:14 DA TARDE ds.assign.entropy.Server run
INFO: server: endpoint running at port 40002 ...
dez. 26, 2023 8:25:23 DA TARDE ds.assign.entropy.Server run
INFO: server: endpoint running at port 40002 ...
dez. 26, 2023 8:43:01 DA TARDE ds.assign.entropy.Server run
INFO: server: endpoint running at port 40002 ...
dez. 26, 2023 8:44:08 DA TARDE ds.assign.entropy.Server run
INFO: server: endpoint running at port 40002 ...
dez. 26, 2023 8:44:59 DA TARDE ds.assign.entropy.Server run
INFO: server: endpoint running at port 40002 ...
dez. 26, 2023 8:45:03 DA TARDE ds.assign.entropy.Server run
INFO: server: endpoint running at port 40002 ...
dez. 26, 2023 8:46:22 DA TARDE ds.assign.entropy.Server run
INFO: server: endpoint running at port 40002 ...
dez. 26, 2023 8:47:35 DA TARDE ds.assign.entropy.Server run
INFO: server: endpoint running at port 40002 ...
dez. 31, 2023 7:21:38 DA TARDE ds.assign.entropy.Server run
INFO: server: endpoint running at port 40002 ...
