nov. 21, 2023 12:08:56 DA TARDE ds.assign.entropy.Server run
INFO: server: endpoint running at port 40004 ...
nov. 21, 2023 12:12:06 DA TARDE ds.assign.entropy.Server run
INFO: server: endpoint running at port 40004 ...
nov. 21, 2023 12:14:23 DA TARDE ds.assign.entropy.Server run
INFO: server: endpoint running at port 40004 ...
nov. 21, 2023 12:19:00 DA TARDE ds.assign.entropy.Server run
INFO: server: endpoint running at port 40004 ...
nov. 21, 2023 12:22:04 DA TARDE ds.assign.entropy.Server run
INFO: server: endpoint running at port 40004 ...
nov. 21, 2023 12:23:42 DA TARDE ds.assign.entropy.Server run
INFO: server: endpoint running at port 40004 ...
nov. 21, 2023 12:23:59 DA TARDE ds.assign.entropy.Server run
INFO: server: endpoint running at port 40004 ...
nov. 21, 2023 12:34:15 DA TARDE ds.assign.entropy.Server run
INFO: server: endpoint running at port 40004 ...
nov. 21, 2023 12:36:02 DA TARDE ds.assign.entropy.Server run
INFO: server: endpoint running at port 40004 ...
nov. 21, 2023 12:36:46 DA TARDE ds.assign.entropy.Server run
INFO: server: endpoint running at port 40004 ...
nov. 21, 2023 12:37:59 DA TARDE ds.assign.entropy.Server run
INFO: server: endpoint running at port 40004 ...
nov. 21, 2023 12:38:25 DA TARDE ds.assign.entropy.Server run
INFO: server: endpoint running at port 40004 ...
nov. 21, 2023 12:40:39 DA TARDE ds.assign.entropy.Server run
INFO: server: endpoint running at port 40004 ...
dez. 05, 2023 5:29:02 DA TARDE ds.assign.chat.Server run
INFO: server: endpoint running at port 40004 ...
dez. 05, 2023 5:32:06 DA TARDE ds.assign.chat.Server run
INFO: server: endpoint running at port 40004 ...
dez. 05, 2023 5:33:13 DA TARDE ds.assign.chat.Server run
INFO: server: endpoint running at port 40004 ...
dez. 05, 2023 5:39:50 DA TARDE ds.assign.chat.Server run
INFO: server: endpoint running at port 40004 ...
dez. 05, 2023 5:44:57 DA TARDE ds.assign.chat.Server run
INFO: server: endpoint running at port 40004 ...
dez. 05, 2023 5:57:04 DA TARDE ds.assign.chat.Server run
INFO: server: endpoint running at port 40004 ...
dez. 05, 2023 6:07:02 DA TARDE ds.assign.chat.Server run
INFO: server: endpoint running at port 40004 ...
dez. 05, 2023 6:09:18 DA TARDE ds.assign.chat.Server run
INFO: server: endpoint running at port 40004 ...
dez. 05, 2023 6:10:19 DA TARDE ds.assign.chat.Server run
INFO: server: endpoint running at port 40004 ...
dez. 05, 2023 6:12:44 DA TARDE ds.assign.chat.Server run
INFO: server: endpoint running at port 40004 ...
dez. 05, 2023 6:25:17 DA TARDE ds.assign.chat.Server run
INFO: server: endpoint running at port 40004 ...
dez. 05, 2023 6:25:50 DA TARDE ds.assign.chat.Server run
INFO: server: endpoint running at port 40004 ...
dez. 05, 2023 6:31:19 DA TARDE ds.assign.chat.Server run
INFO: server: endpoint running at port 40004 ...
dez. 05, 2023 8:01:13 DA TARDE ds.assign.chat.Server run
INFO: server: endpoint running at port 40004 ...
dez. 05, 2023 8:13:34 DA TARDE ds.assign.chat.Server run
INFO: server: endpoint running at port 40004 ...
dez. 05, 2023 8:14:34 DA TARDE ds.assign.chat.Server run
INFO: server: endpoint running at port 40004 ...
dez. 05, 2023 8:27:01 DA TARDE ds.assign.chat.Server run
INFO: server: endpoint running at port 40004 ...
dez. 05, 2023 8:39:02 DA TARDE ds.assign.chat.Server run
INFO: server: endpoint running at port 40004 ...
dez. 05, 2023 8:57:10 DA TARDE ds.assign.chat.Server run
INFO: server: endpoint running at port 40004 ...
dez. 05, 2023 8:57:44 DA TARDE ds.assign.chat.Server run
INFO: server: endpoint running at port 40004 ...
dez. 05, 2023 9:01:50 DA TARDE ds.assign.chat.Server run
INFO: server: endpoint running at port 40004 ...
dez. 05, 2023 9:10:09 DA TARDE ds.assign.chat.Server run
INFO: server: endpoint running at port 40004 ...
dez. 05, 2023 9:20:05 DA TARDE ds.assign.chat.Server run
INFO: server: endpoint running at port 40004 ...
dez. 05, 2023 9:28:59 DA TARDE ds.assign.chat.Server run
INFO: server: endpoint running at port 40004 ...
dez. 05, 2023 9:31:07 DA TARDE ds.assign.chat.Server run
INFO: server: endpoint running at port 40004 ...
dez. 05, 2023 9:33:34 DA TARDE ds.assign.chat.Server run
INFO: server: endpoint running at port 40004 ...
dez. 05, 2023 9:35:18 DA TARDE ds.assign.chat.Server run
INFO: server: endpoint running at port 40004 ...
dez. 05, 2023 9:49:37 DA TARDE ds.assign.chat.Server run
INFO: server: endpoint running at port 40004 ...
dez. 05, 2023 9:52:26 DA TARDE ds.assign.chat.Server run
INFO: server: endpoint running at port 40004 ...
dez. 05, 2023 10:03:16 DA TARDE ds.assign.chat.Server run
INFO: server: endpoint running at port 40004 ...
dez. 05, 2023 10:05:17 DA TARDE ds.assign.chat.Server run
INFO: server: endpoint running at port 40004 ...
dez. 05, 2023 10:07:27 DA TARDE ds.assign.chat.Server run
INFO: server: endpoint running at port 40004 ...
dez. 05, 2023 10:07:57 DA TARDE ds.assign.chat.Server run
INFO: server: endpoint running at port 40004 ...
dez. 05, 2023 10:09:43 DA TARDE ds.assign.chat.Server run
INFO: server: endpoint running at port 40004 ...
dez. 05, 2023 10:11:11 DA TARDE ds.assign.chat.Server run
INFO: server: endpoint running at port 40004 ...
dez. 05, 2023 10:12:43 DA TARDE ds.assign.chat.Server run
INFO: server: endpoint running at port 40004 ...
dez. 05, 2023 10:20:39 DA TARDE ds.assign.chat.Server run
INFO: server: endpoint running at port 40004 ...
dez. 05, 2023 10:22:33 DA TARDE ds.assign.chat.Server run
INFO: server: endpoint running at port 40004 ...
dez. 05, 2023 10:29:11 DA TARDE ds.assign.chat.Server run
INFO: server: endpoint running at port 40004 ...
dez. 05, 2023 10:38:19 DA TARDE ds.assign.chat.Server run
INFO: server: endpoint running at port 40004 ...
dez. 05, 2023 10:50:14 DA TARDE ds.assign.chat.Server run
INFO: server: endpoint running at port 40004 ...
dez. 05, 2023 10:52:50 DA TARDE ds.assign.chat.Server run
INFO: server: endpoint running at port 40004 ...
dez. 05, 2023 10:54:51 DA TARDE ds.assign.chat.Server run
INFO: server: endpoint running at port 40004 ...
dez. 05, 2023 10:58:02 DA TARDE ds.assign.chat.Server run
INFO: server: endpoint running at port 40004 ...
dez. 05, 2023 10:59:41 DA TARDE ds.assign.chat.Server run
INFO: server: endpoint running at port 40004 ...
dez. 05, 2023 11:01:53 DA TARDE ds.assign.chat.Server run
INFO: server: endpoint running at port 40004 ...
dez. 05, 2023 11:03:59 DA TARDE ds.assign.chat.Server run
INFO: server: endpoint running at port 40004 ...
dez. 05, 2023 11:07:14 DA TARDE ds.assign.chat.Server run
INFO: server: endpoint running at port 40004 ...
dez. 05, 2023 11:08:42 DA TARDE ds.assign.chat.Server run
INFO: server: endpoint running at port 40004 ...
dez. 05, 2023 11:09:13 DA TARDE ds.assign.chat.Server run
INFO: server: endpoint running at port 40004 ...
dez. 05, 2023 11:10:22 DA TARDE ds.assign.chat.Server run
INFO: server: endpoint running at port 40004 ...
dez. 06, 2023 11:44:37 DA TARDE ds.assign.chat.Server run
INFO: server: endpoint running at port 40004 ...
dez. 06, 2023 11:45:29 DA TARDE ds.assign.chat.Server run
INFO: server: endpoint running at port 40004 ...
dez. 06, 2023 11:49:50 DA TARDE ds.assign.chat.Server run
INFO: server: endpoint running at port 40004 ...
dez. 12, 2023 10:07:42 DA MANHÃ ds.assign.chat.Server run
INFO: server: endpoint running at port 40004 ...
dez. 12, 2023 10:10:51 DA MANHÃ ds.assign.chat.Server run
INFO: server: endpoint running at port 40004 ...
dez. 12, 2023 10:18:28 DA MANHÃ ds.assign.chat.Server run
INFO: server: endpoint running at port 40004 ...
dez. 12, 2023 10:23:00 DA MANHÃ ds.assign.chat.Server run
INFO: server: endpoint running at port 40004 ...
dez. 12, 2023 10:44:52 DA MANHÃ ds.assign.chat.Server run
INFO: server: endpoint running at port 40004 ...
dez. 12, 2023 10:46:58 DA MANHÃ ds.assign.chat.Server run
INFO: server: endpoint running at port 40004 ...
dez. 12, 2023 10:48:10 DA MANHÃ ds.assign.chat.Server run
INFO: server: endpoint running at port 40004 ...
dez. 12, 2023 11:13:38 DA MANHÃ ds.assign.chat.Server run
INFO: server: endpoint running at port 40004 ...
dez. 12, 2023 11:17:26 DA MANHÃ ds.assign.chat.Server run
INFO: server: endpoint running at port 40004 ...
dez. 12, 2023 11:19:28 DA MANHÃ ds.assign.chat.Server run
INFO: server: endpoint running at port 40004 ...
dez. 12, 2023 11:21:11 DA MANHÃ ds.assign.chat.Server run
INFO: server: endpoint running at port 40004 ...
dez. 12, 2023 11:31:34 DA MANHÃ ds.assign.chat.Server run
INFO: server: endpoint running at port 40004 ...
dez. 12, 2023 11:32:57 DA MANHÃ ds.assign.chat.Server run
INFO: server: endpoint running at port 40004 ...
dez. 12, 2023 11:36:42 DA MANHÃ ds.assign.chat.Server run
INFO: server: endpoint running at port 40004 ...
dez. 12, 2023 11:37:22 DA MANHÃ ds.assign.chat.Server run
INFO: server: endpoint running at port 40004 ...
dez. 12, 2023 11:41:42 DA MANHÃ ds.assign.chat.Server run
INFO: server: endpoint running at port 40004 ...
dez. 12, 2023 11:43:49 DA MANHÃ ds.assign.chat.Server run
INFO: server: endpoint running at port 40004 ...
dez. 12, 2023 11:46:27 DA MANHÃ ds.assign.chat.Server run
INFO: server: endpoint running at port 40004 ...
dez. 12, 2023 11:47:34 DA MANHÃ ds.assign.chat.Server run
INFO: server: endpoint running at port 40004 ...
dez. 12, 2023 11:48:37 DA MANHÃ ds.assign.chat.Server run
INFO: server: endpoint running at port 40004 ...
dez. 12, 2023 11:49:26 DA MANHÃ ds.assign.chat.Server run
INFO: server: endpoint running at port 40004 ...
dez. 12, 2023 11:49:29 DA MANHÃ ds.assign.chat.Server run
INFO: server: endpoint running at port 40004 ...
dez. 12, 2023 11:51:49 DA MANHÃ ds.assign.chat.Server run
INFO: server: endpoint running at port 40004 ...
dez. 12, 2023 11:54:51 DA MANHÃ ds.assign.chat.Server run
INFO: server: endpoint running at port 40004 ...
dez. 12, 2023 11:55:49 DA MANHÃ ds.assign.chat.Server run
INFO: server: endpoint running at port 40004 ...
dez. 12, 2023 11:57:41 DA MANHÃ ds.assign.chat.Server run
INFO: server: endpoint running at port 40004 ...
dez. 12, 2023 12:00:14 DA TARDE ds.assign.chat.Server run
INFO: server: endpoint running at port 40004 ...
dez. 12, 2023 12:03:20 DA TARDE ds.assign.chat.Server run
INFO: server: endpoint running at port 40004 ...
dez. 12, 2023 12:06:05 DA TARDE ds.assign.chat.Server run
INFO: server: endpoint running at port 40004 ...
dez. 12, 2023 12:07:05 DA TARDE ds.assign.chat.Server run
INFO: server: endpoint running at port 40004 ...
dez. 12, 2023 12:07:53 DA TARDE ds.assign.chat.Server run
INFO: server: endpoint running at port 40004 ...
dez. 12, 2023 12:08:36 DA TARDE ds.assign.chat.Server run
INFO: server: endpoint running at port 40004 ...
dez. 12, 2023 12:10:17 DA TARDE ds.assign.chat.Server run
INFO: server: endpoint running at port 40004 ...
dez. 12, 2023 12:15:27 DA TARDE ds.assign.chat.Server run
INFO: server: endpoint running at port 40004 ...
dez. 12, 2023 12:18:08 DA TARDE ds.assign.chat.Server run
INFO: server: endpoint running at port 40004 ...
dez. 12, 2023 12:19:23 DA TARDE ds.assign.chat.Server run
INFO: server: endpoint running at port 40004 ...
dez. 12, 2023 12:19:51 DA TARDE ds.assign.chat.Server run
INFO: server: endpoint running at port 40004 ...
dez. 12, 2023 12:20:35 DA TARDE ds.assign.chat.Server run
INFO: server: endpoint running at port 40004 ...
dez. 12, 2023 12:21:23 DA TARDE ds.assign.chat.Server run
INFO: server: endpoint running at port 40004 ...
dez. 12, 2023 12:23:21 DA TARDE ds.assign.chat.Server run
INFO: server: endpoint running at port 40004 ...
dez. 12, 2023 12:24:11 DA TARDE ds.assign.chat.Server run
INFO: server: endpoint running at port 40004 ...
dez. 12, 2023 12:25:31 DA TARDE ds.assign.chat.Server run
INFO: server: endpoint running at port 40004 ...
dez. 12, 2023 12:26:33 DA TARDE ds.assign.chat.Server run
INFO: server: endpoint running at port 40004 ...
dez. 12, 2023 12:28:17 DA TARDE ds.assign.chat.Server run
INFO: server: endpoint running at port 40004 ...
dez. 12, 2023 12:29:26 DA TARDE ds.assign.chat.Server run
INFO: server: endpoint running at port 40004 ...
dez. 12, 2023 12:30:23 DA TARDE ds.assign.chat.Server run
INFO: server: endpoint running at port 40004 ...
dez. 12, 2023 12:30:57 DA TARDE ds.assign.chat.Server run
INFO: server: endpoint running at port 40004 ...
dez. 12, 2023 12:31:52 DA TARDE ds.assign.chat.Server run
INFO: server: endpoint running at port 40004 ...
dez. 12, 2023 12:32:43 DA TARDE ds.assign.chat.Server run
INFO: server: endpoint running at port 40004 ...
dez. 12, 2023 12:34:01 DA TARDE ds.assign.chat.Server run
INFO: server: endpoint running at port 40004 ...
dez. 12, 2023 12:34:55 DA TARDE ds.assign.chat.Server run
INFO: server: endpoint running at port 40004 ...
dez. 12, 2023 12:35:28 DA TARDE ds.assign.chat.Server run
INFO: server: endpoint running at port 40004 ...
dez. 16, 2023 12:17:18 DA TARDE ds.assign.chat.Server run
INFO: server: endpoint running at port 40004 ...
dez. 16, 2023 12:18:44 DA TARDE ds.assign.chat.Server run
INFO: server: endpoint running at port 40004 ...
dez. 16, 2023 12:19:45 DA TARDE ds.assign.chat.Server run
INFO: server: endpoint running at port 40004 ...
dez. 16, 2023 12:20:29 DA TARDE ds.assign.chat.Server run
INFO: server: endpoint running at port 40004 ...
dez. 16, 2023 2:23:02 DA TARDE ds.assign.chat.Server run
INFO: server: endpoint running at port 40004 ...
dez. 16, 2023 2:28:39 DA TARDE ds.assign.chat.Server run
INFO: server: endpoint running at port 40004 ...
dez. 16, 2023 2:30:11 DA TARDE ds.assign.chat.Server run
INFO: server: endpoint running at port 40004 ...
dez. 16, 2023 2:31:07 DA TARDE ds.assign.chat.Server run
INFO: server: endpoint running at port 40004 ...
dez. 16, 2023 2:31:47 DA TARDE ds.assign.chat.Server run
INFO: server: endpoint running at port 40004 ...
dez. 16, 2023 2:36:22 DA TARDE ds.assign.chat.Server run
INFO: server: endpoint running at port 40004 ...
dez. 16, 2023 2:38:35 DA TARDE ds.assign.chat.Server run
INFO: server: endpoint running at port 40004 ...
dez. 16, 2023 2:39:19 DA TARDE ds.assign.chat.Server run
INFO: server: endpoint running at port 40004 ...
dez. 16, 2023 3:11:25 DA TARDE ds.assign.chat.Server run
INFO: server: endpoint running at port 40004 ...
dez. 16, 2023 3:17:19 DA TARDE ds.assign.chat.Server run
INFO: server: endpoint running at port 40004 ...
dez. 16, 2023 3:17:57 DA TARDE ds.assign.chat.Server run
INFO: server: endpoint running at port 40004 ...
dez. 16, 2023 3:18:36 DA TARDE ds.assign.chat.Server run
INFO: server: endpoint running at port 40004 ...
dez. 16, 2023 3:20:41 DA TARDE ds.assign.chat.Server run
INFO: server: endpoint running at port 40004 ...
dez. 16, 2023 3:22:40 DA TARDE ds.assign.chat.Server run
INFO: server: endpoint running at port 40004 ...
dez. 16, 2023 3:28:39 DA TARDE ds.assign.chat.Server run
INFO: server: endpoint running at port 40004 ...
dez. 16, 2023 3:47:01 DA TARDE ds.assign.chat.Server run
INFO: server: endpoint running at port 40004 ...
dez. 16, 2023 4:00:11 DA TARDE ds.assign.chat.Server run
INFO: server: endpoint running at port 40004 ...
dez. 16, 2023 4:00:40 DA TARDE ds.assign.chat.Server run
INFO: server: endpoint running at port 40004 ...
dez. 16, 2023 4:01:10 DA TARDE ds.assign.chat.Server run
INFO: server: endpoint running at port 40004 ...
dez. 16, 2023 4:01:27 DA TARDE ds.assign.chat.Server run
INFO: server: endpoint running at port 40004 ...
dez. 16, 2023 4:01:58 DA TARDE ds.assign.chat.Server run
INFO: server: endpoint running at port 40004 ...
dez. 16, 2023 4:02:43 DA TARDE ds.assign.chat.Server run
INFO: server: endpoint running at port 40004 ...
dez. 16, 2023 4:04:38 DA TARDE ds.assign.chat.Server run
INFO: server: endpoint running at port 40004 ...
dez. 18, 2023 9:56:12 DA MANHÃ ds.assign.entropy.Server run
INFO: server: endpoint running at port 40004 ...
dez. 18, 2023 9:56:30 DA MANHÃ ds.assign.entropy.Server run
INFO: server: endpoint running at port 40004 ...
dez. 18, 2023 9:57:17 DA MANHÃ ds.assign.entropy.Server run
INFO: server: endpoint running at port 40004 ...
dez. 18, 2023 9:59:04 DA MANHÃ ds.assign.entropy.Server run
INFO: server: endpoint running at port 40004 ...
dez. 18, 2023 10:01:40 DA MANHÃ ds.assign.entropy.Server run
INFO: server: endpoint running at port 40004 ...
dez. 18, 2023 10:02:59 DA MANHÃ ds.assign.entropy.Server run
INFO: server: endpoint running at port 40004 ...
dez. 18, 2023 10:08:57 DA MANHÃ ds.assign.entropy.Server run
INFO: server: endpoint running at port 40004 ...
dez. 18, 2023 10:15:27 DA MANHÃ ds.assign.entropy.Server run
INFO: server: endpoint running at port 40004 ...
dez. 24, 2023 4:17:08 DA TARDE ds.assign.ring.Server run
INFO: server: endpoint running at port 40004 ...
dez. 26, 2023 7:39:57 DA TARDE ds.assign.entropy.Server run
INFO: server: endpoint running at port 40004 ...
dez. 26, 2023 7:46:17 DA TARDE ds.assign.entropy.Server run
INFO: server: endpoint running at port 40004 ...
dez. 26, 2023 7:49:21 DA TARDE ds.assign.entropy.Server run
INFO: server: endpoint running at port 40004 ...
dez. 26, 2023 7:52:00 DA TARDE ds.assign.entropy.Server run
INFO: server: endpoint running at port 40004 ...
dez. 26, 2023 7:53:36 DA TARDE ds.assign.entropy.Server run
INFO: server: endpoint running at port 40004 ...
dez. 26, 2023 7:53:44 DA TARDE ds.assign.entropy.Server run
INFO: server: endpoint running at port 40004 ...
dez. 26, 2023 7:53:58 DA TARDE ds.assign.entropy.Server run
INFO: server: endpoint running at port 40004 ...
dez. 26, 2023 7:54:35 DA TARDE ds.assign.entropy.Server run
INFO: server: endpoint running at port 40004 ...
dez. 26, 2023 7:59:44 DA TARDE ds.assign.entropy.Server run
INFO: server: endpoint running at port 40004 ...
dez. 26, 2023 8:16:34 DA TARDE ds.assign.entropy.Server run
INFO: server: endpoint running at port 40004 ...
dez. 26, 2023 8:20:27 DA TARDE ds.assign.entropy.Server run
INFO: server: endpoint running at port 40004 ...
dez. 26, 2023 8:22:29 DA TARDE ds.assign.entropy.Server run
INFO: server: endpoint running at port 40004 ...
dez. 26, 2023 8:25:14 DA TARDE ds.assign.entropy.Server run
INFO: server: endpoint running at port 40004 ...
dez. 26, 2023 8:25:23 DA TARDE ds.assign.entropy.Server run
INFO: server: endpoint running at port 40004 ...
dez. 26, 2023 8:43:01 DA TARDE ds.assign.entropy.Server run
INFO: server: endpoint running at port 40004 ...
dez. 26, 2023 8:44:08 DA TARDE ds.assign.entropy.Server run
INFO: server: endpoint running at port 40004 ...
dez. 26, 2023 8:44:59 DA TARDE ds.assign.entropy.Server run
INFO: server: endpoint running at port 40004 ...
dez. 26, 2023 8:45:03 DA TARDE ds.assign.entropy.Server run
INFO: server: endpoint running at port 40004 ...
dez. 26, 2023 8:46:22 DA TARDE ds.assign.entropy.Server run
INFO: server: endpoint running at port 40004 ...
dez. 26, 2023 8:47:35 DA TARDE ds.assign.entropy.Server run
INFO: server: endpoint running at port 40004 ...
